104946 16.8666
104840 16.8857
104855 16.8957
104870 16.8666
104885 16.9149
104900 16.9248
104915 16.8285
104931 16.8666
104946 16.8666
104962 16.9248
104977 16.8957
104992 16.8666
105007 16.9539
105022 16.8475
105037 16.7893
105053 16.8666
105068 16.7994
105083 16.8475
105099 16.9248
105113 16.8957
105128 16.9058
105144 16.8185
105159 16.8566
105175 16.8857
105190 16.8375
105205 16.8475
105221 16.8666
105235 16.8857
105250 16.8857
105266 16.8285
105281 16.8666
105296 16.8275
105312 16.8666
105327 16.8857
105341 16.9349
105357 16.9248
105372 16.8475
105388 17.0504
105403 16.8575
105418 16.9539
105434 16.8857
105449 16.8957
105463 17.0213
105479 16.8957
105494 16.9248
105509 16.8666
105525 16.8375
105540 16.9730
105555 16.8666
105570 16.8475
105585 16.8666
105601 16.7893
105616 16.7893
105631 16.9048
105647 16.8666
105662 16.8375
105677 16.8666
105692 16.7511
105707 16.7702
105722 16.7994
105738 16.8857
105753 16.8285
105768 16.8475
105784 16.8666
105798 16.8185
105814 16.7893
105829 16.9248
105844 16.8475
105860 16.8475
105875 16.8948
105890 16.9248
105905 16.8185
105920 16.8666
105935 16.8957
105951 16.9439
105966 16.8666
105981 16.9830
105997 16.8285
106012 16.8666
106027 16.8666
106042 16.8475
106057 16.8957
106073 16.8766
106088 16.7893
106103 16.8375
106119 16.9248
106133 16.9640
106148 16.9149
106164 16.8185
106179 16.8857
106194 16.8475
106210 16.8666
106225 16.9248
106241 16.8475
106255 16.7893
106270 16.8666
106286 16.8666
106301 16.8666
106316 16.8083
106332 16.7792
106347 16.8475
106362 16.8666
106377 16.8083
106392 16.8375
106407 16.9248
106423 16.8566
106438 16.9239
106454 16.9149
106469 16.8185
106483 16.7893
106499 16.8757
106514 16.7792
106529 16.8375
106545 16.8957
106560 16.9248
106575 16.8375
106591 16.8083
106605 16.8666
106620 16.8757
106636 16.8083
106651 16.9631
106667 16.9339
106682 16.9239
106697 16.9239
106712 16.9048
106727 16.8466
106742 16.9339
106758 16.7792
106773 16.7883
106788 16.9048
106804 16.9428
106819 16.9048
106833 16.9239
106849 16.8075
106864 16.8757
106880 16.9048
106895 16.8948
106910 16.8846
106926 17.0101
106940 16.7883
106955 17.0011
106971 16.8957
106986 16.8948
107001 16.8375
107017 16.9048
107032 16.8657
107046 16.8846
107062 16.9239
107077 16.9428
107092 16.9530
107108 16.9138
107123 16.9048
107139 16.9719
107154 16.8657
107168 16.9149
107184 16.8948
107199 16.7883
107214 16.9048
107230 16.8466
107245 16.8666
107260 16.8657
107276 16.9048
107290 16.9048
107305 16.8466
107321 16.8275
107336 16.8083
107352 16.9339
107367 16.8275
107382 16.8948
107397 16.8466
107412 16.8948
107427 16.9339
107443 16.8083
107458 16.9048
107473 16.8566
107489 16.8948
107504 16.8083
107518 16.8175
107534 16.8555
107549 16.8466
107565 16.8657
107580 16.8948
107595 16.9428
107611 17.0392
107625 16.9239
107640 16.9620
107656 16.9048
107671 16.9239
107686 16.9138
107702 16.8948
107717 16.9428
107731 16.9048
107747 16.8846
107762 16.8264
107778 16.9339
107793 16.9822
107808 16.9428
107824 16.9719
107839 17.0493
107853 17.0011
107869 16.9428
107884 16.9428
107899 16.9239
107915 16.8846
107930 17.0593
107945 17.1569
107960 17.2631
107975 17.4379
107991 18.8456
108006 20.9420
108021 21.9127
108037 20.6697
108052 19.5633
108067 19.2722
108082 19.6317
108097 18.8747
108112 18.2531
108128 17.7872
108143 17.8746
108158 17.5645
108174 18.0012
108188 18.3896
108204 18.6898
108219 18.3797
108234 17.6998
108250 16.5543
108265 13.2946
108280 4.6071
108295 3.6857
108310 5.0249
108325 3.4819
108341 12.2844
108356 16.2643
108371 16.8175
108387 16.9239
108401 16.9428
108417 16.9631
108432 16.9239
108447 17.3898
108463 17.0593
108478 16.9631
108493 16.9631
108508 16.8846
108523 16.7302
108538 16.5163
108554 16.9239
108569 16.9138
108584 17.0213
108600 17.0987
108615 17.3213
108630 17.4087
108645 18.0784
108660 19.1176
108676 19.9911
108691 19.4760
108706 18.5644
108722 18.4277
108736 18.2341
108751 18.9329
108767 19.4861
108782 19.0974
108797 19.2823
108813 19.6026
108828 19.8356
108844 19.4869
108858 19.2923
108873 18.6617
108889 17.3998
108904 16.3416
108919 12.7211
108935 5.7441
108950 4.2012
108964 7.9173
108980 12.2174
108995 6.9479
109010 8.5972
109026 16.1769
109041 16.8366
109057 16.8948
109071 16.9048
109086 16.8466
109102 17.1378
109117 17.2059
109132 17.9730
109148 19.3505
109163 20.4768
109177 21.2338
109193 20.2439
109208 18.1568
109223 17.3906
109239 17.2059
109254 17.0995
109270 17.2159
109284 17.5262
109299 17.3906
109315 17.7592
109330 18.3314
109345 19.7198
109361 21.1365
109376 20.2240
109391 19.0693
109406 18.7582
109421 18.2059
109436 17.3707
109452 16.7983
109467 16.2061
109483 15.0033
109498 12.7997
109512 10.1996
109528 7.8112
109543 8.4136
109558 7.6074
109574 2.2900
109589 14.0515
109603 16.6819
109619 16.6919
109634 16.8083
109649 16.8857
109665 16.7692
109680 16.8275
109696 16.8466
109711 16.7792
109725 16.8666
109741 16.9048
109756 16.9048
109771 16.9339
109787 16.8666
109802 16.9058
109817 16.9922
109832 16.8666
109847 16.8857
109862 16.9339
109878 16.8566
109893 16.9248
109908 16.8285
109924 16.9922
109939 16.9539
109954 16.8083
109969 16.8666
109984 16.8275
110000 16.8957
110015 16.8957
110030 16.9922
110046 16.9730
110061 16.8757
110075 16.8666
110091 16.9149
110106 17.0213
110121 17.1669
110137 17.1959
110152 17.4488
110168 17.9821
110182 18.2059
110197 18.1859
110213 17.7200
110228 17.0995
110243 16.9339
110259 16.9830
110274 17.4189
110289 17.7692
110304 18.1476
110319 17.9430
110334 18.3414
110350 19.0594
110365 19.5451
110381 19.9037
110396 18.9820
110410 17.6718
110426 16.2834
110441 14.0706
110456 12.2957
110472 12.7706
110487 13.8769
110502 14.6338
110518 14.9351
110532 15.4109
110547 16.4590
110563 11.8008
110578 13.9351
110594 16.8175
110609 16.9048
110624 16.8757
110639 16.8957
110654 16.9822
110669 17.5553
110685 19.4378
110700 19.6324
110715 19.6417
110731 18.7881
110746 17.8947
110760 17.0995
110776 17.0795
110791 17.0995
110807 17.6818
110822 18.0695
110837 17.8455
110853 17.6618
110867 17.3124
110882 17.1768
110898 17.1186
110913 16.9248
110928 16.5172
110944 15.5755
110959 14.7503
110974 14.4792
110989 14.6921
111004 15.0123
111020 15.4099
111035 15.9529
111050 16.5172
111066 16.7401
111081 16.4198
111096 13.4794
111111 16.7210
111126 16.9149
111141 16.8857
111157 16.9339
111172 16.9248
111187 17.2734
111203 18.7682
111218 19.1848
111233 18.9038
111248 18.5453
111263 17.4780
111279 17.2151
111294 17.1959
111309 16.9439
111325 16.8957
111339 17.0213
111354 17.0312
111370 17.2250
111385 17.2833
111400 17.1669
111416 17.4389
111431 17.4098
111447 17.5645
111461 17.0995
111476 16.6719
111492 16.3716
111507 15.9832
111522 15.8085
111538 15.8859
111553 15.7593
111568 15.5565
111583 15.9058
111598 16.3716
111613 14.4592
111629 15.3618
111644 16.1870
111660 16.7010
111675 16.8275
111689 16.8666
111705 16.8666
111720 16.8666
111735 16.9631
111751 16.9539
111766 16.8666
111781 16.9631
111797 16.8666
111811 16.9239
111826 16.9530
111842 16.9048
111857 16.8466
111873 16.9428
111888 16.8666
111903 16.9339
111919 16.9922
111933 16.9339
111948 16.9730
111964 16.9631
111979 16.9239
111994 16.9339
112010 17.0695
112025 16.9631
112039 16.9631
112055 16.9631
112070 17.0022
112086 16.9239
112101 17.0022
112116 16.9631
112132 16.9428
112147 16.9239
112161 16.9530
112177 16.9631
112192 16.9339
112207 16.9530
112223 16.8757
112238 16.9631
112253 16.9631
112268 16.9530
112283 17.0022
112299 16.9048
112314 17.0022
112329 16.9339
112345 16.8957
112360 17.0593
112374 17.0113
112390 17.0403
112405 17.1959
112420 17.0704
112436 17.3416
112451 17.6125
112466 18.0695
112482 18.6127
112496 18.6226
112512 18.2640
112527 18.0886
112542 17.5745
112558 17.9139
112573 18.1277
112588 18.3797
112603 19.2632
112618 19.9427
112633 20.5933
112649 21.0482
112664 20.5933
112679 19.0594
112695 16.6719
112710 13.6731
112724 8.1896
112740 6.0352
112755 10.1299
112771 13.3820
112786 14.8477
112801 15.7593
112817 16.0122
112831 16.5643
112846 10.2667
112862 16.6528
112877 16.7973
112892 16.8275
112908 17.0593
112923 17.0022
112937 17.4289
112953 19.0302
112968 18.8755
112984 18.7100
112999 17.7882
113014 17.3124
113030 17.0213
113045 16.7792
113059 16.7692
113075 16.9631
113090 17.2159
113105 17.9720
113121 17.9238
113136 17.8947
113152 18.1075
113166 17.8365
113181 18.0201
113197 17.8947
113212 17.3898
113227 16.9048
113243 16.1478
113258 15.0806
113273 14.3807
113288 14.4301
113303 14.8377
113318 15.2162
113334 15.7593
113349 16.2643
113364 16.6328
113380 13.0604
113394 15.1959
113410 16.6628
113425 16.8948
113440 16.9428
113456 16.9719
113471 17.0022
113486 17.3898
113502 19.0494
113516 19.1858
113531 18.8947
113547 18.3896
113562 17.8265
113577 17.2250
113593 16.9048
113608 16.6910
113623 16.7883
113638 17.0403
113653 17.4087
113669 17.2734
113684 16.9631
113699 16.7784
113715 16.7883
113730 16.7692
113744 16.7099
113760 16.4581
113775 16.1769
113790 16.0214
113806 15.8566
113821 15.8758
113837 15.9149
113851 16.1478
113866 16.5754
113882 16.6036
113897 16.6719
113912 16.6910
113928 16.8075
113943 16.7201
113957 8.9071
113973 16.8757
113988 16.8275
114003 16.8555
114019 16.8846
114034 16.9138
114050 16.8846
114064 16.9428
114079 16.9048
114095 16.8846
114110 16.9822
114125 16.9138
114141 16.9428
114156 16.8948
114171 17.0011
114186 16.9239
114201 16.9239
114216 16.9922
114232 16.8657
114247 16.8936
114263 16.8555
114278 16.8466
114292 16.8175
114308 16.9822
114323 16.8466
114338 17.0403
114354 16.9631
114369 17.0987
114384 17.1378
114400 17.2542
114414 17.3998
114429 17.2734
114445 17.1467
114460 16.9048
114476 16.8175
114491 16.8846
114506 16.8175
114522 16.7302
114536 16.9138
114551 16.9922
114567 17.0213
114582 17.1378
114597 17.2542
114613 17.4098
114628 17.5745
114642 17.5353
114658 17.6326
114673 17.6910
114689 17.5063
114704 17.5162
114719 17.5834
114735 17.2542
114750 17.0504
114764 17.0113
114780 16.8075
114795 16.3416
114810 16.1087
114826 15.8176
114841 15.8745
114856 15.9149
114871 16.0023
114886 16.4290
114902 16.6328
114917 15.5656
114932 15.8566
114948 16.7302
114963 17.0113
114978 17.3898
114993 18.0784
115008 18.3112
115023 18.5353
115039 18.3405
115054 17.7290
115069 17.4289
115085 17.2833
115099 17.3113
115115 17.1959
115130 16.9922
115145 16.9530
115161 17.0113
115176 16.9631
115191 16.9329
115207 16.8657
115221 16.9048
115236 17.3505
115252 18.0112
115267 18.6127
115282 19.7089
115298 20.6316
115313 21.2331
115328 20.9128
115343 19.1265
115358 17.2049
115374 15.6820
115389 13.4301
115404 11.9654
115420 12.3135
115435 12.8478
115449 13.2452
115465 13.9440
115480 15.1085
115495 16.0795
115511 16.3998
115526 11.3236
115542 13.5654
115556 16.7390
115571 17.0011
115587 16.8846
115602 16.9822
115617 17.3505
115633 19.1368
115648 20.0483
115663 20.3014
115678 20.3887
115693 19.7972
115708 18.1657
115724 17.8746
115739 17.4772
115755 17.9619
115770 17.7581
115784 17.9328
115800 18.1266
115815 18.7090
115830 18.7189
115846 19.1848
115861 18.1366
115876 17.6025
115891 17.6416
115906 17.7872
115921 17.6899
115937 17.3696
115952 17.3113
115968 17.1467
115983 17.0392
115998 16.9037
116013 16.9428
116028 16.9227
116043 16.7099
116059 16.1859
116074 15.5833
116089 13.1769
116105 7.1399
116120 6.5489
116134 10.9830
116150 13.6427
116165 14.5845
116180 15.8163
116196 16.3986
116211 9.2565
116227 12.6908
116241 16.5734
116256 16.9037
116272 16.8644
116287 16.9620
116302 16.9227
116318 17.5152
116333 19.6797
116347 19.4468
116363 19.6597
116378 19.7180
116393 18.8444
116409 17.5443
116424 17.4772
116440 17.2049
116455 17.1467
116469 17.2430
116485 17.8545
116500 17.9519
116515 18.0493
116531 18.2039
116546 18.3495
116561 18.7862
116577 18.6889
116591 18.3887
116606 17.9709
116622 18.2039
116637 17.6416
116653 17.6797
116668 17.5633
116683 17.4960
116698 17.2139
116713 16.7291
116728 15.7491
116744 11.0212
116759 3.7045
116774 4.2475
116790 10.8856
116804 13.9037
116819 14.7491
116835 15.8937
116850 14.6327
116866 8.8375
116881 16.6699
116896 16.7099
116912 16.7189
116926 16.7480
116941 16.7872
116957 16.8063
116972 18.8054
116987 17.8545
117003 18.3878
117018 18.8736
117032 19.1357
117048 18.7672
117063 18.5823
117079 18.6016
117094 18.8928
117109 18.6989
117125 18.7090
117140 19.3878
117154 19.5633
117170 19.7762
117185 19.0674
117200 19.2130
117216 17.7380
117231 17.1066
117246 16.8736
117262 16.7962
117276 16.6024
117292 16.2039
117307 12.7390
117322 10.7883
117338 10.8856
117353 12.1567
117368 12.7972
117384 13.1857
117398 13.4087
117413 13.4277
117429 12.0503
117444 13.7581
117459 16.5825
117475 16.7962
117490 16.9227
117505 19.8926
117520 23.1632
117535 24.1241
117551 23.2214
117566 20.8728
117581 19.2612
117597 18.3204
117612 17.5914
117626 17.3687
117642 17.2521
117657 17.1649
117672 16.7952
117688 15.5925
117703 13.2631
117719 11.5629
117734 12.6896
117748 14.4176
117764 15.6216
117779 15.8545
117794 15.6114
117810 13.9708
117825 12.6896
117840 14.5532
117855 15.9508
117870 16.9409
117885 17.4459
117901 18.5724
117916 19.8727
117932 19.9019
117947 19.5424
117962 18.5815
117977 17.5815
117992 17.2130
118007 16.9891
118023 16.7371
118038 16.9409
118053 16.8245
118069 16.8254
118084 16.6497
118098 16.7371
118114 16.5432
118129 16.6497
118145 16.7952
118160 16.7471
118175 16.7271
118191 16.4941
118206 16.3294
118220 16.6206
118236 16.6004
118251 16.9117
118266 16.9600
118282 17.2803
118297 17.2321
118312 17.6980
118327 18.0474
118342 17.9118
118358 17.8054
118373 17.6206
118388 17.4269
118404 17.4067
118419 17.4851
118433 17.5524
118449 17.7853
118464 18.1056
118479 18.0474
118495 17.8234
118510 17.2903
118525 16.8826
118541 15.7570
118555 13.2911
118571 11.6806
118586 12.5732
118601 14.3000
118617 14.7280
118632 16.1255
118647 9.5058
118662 12.7087
118677 16.7863
118692 16.9409
118708 16.9991
118723 16.9409
118738 16.9409
118754 17.0182
118769 16.9028
118784 16.9028
118799 16.8635
118814 16.8736
118830 16.9409
118845 16.9800
118860 16.9800
118876 16.9218
118890 16.9610
118905 16.9018
118921 16.8836
118936 16.8836
118951 16.9610
118967 16.9028
118982 17.0283
118998 16.9227
119012 16.9218
119027 16.9028
119043 16.8644
119058 16.9128
119073 16.9128
119089 16.9227
119104 16.9709
119118 16.9610
119134 16.8644
119149 16.9610
119164 16.9810
119180 16.8254
119195 16.9227
119211 16.8846
119226 16.9610
119240 16.9227
119256 16.9227
119271 16.9128
119286 16.9620
119302 16.8644
119317 17.0202
119332 16.9610
119348 16.9518
119362 16.9037
119377 17.0192
119393 16.9138
119408 16.8846
119424 16.9428
119439 16.8846
119454 16.8936
119469 16.9518
119484 16.8746
119499 16.9518
119515 16.9620
119530 16.8836
119545 16.8455
119561 16.8746
119576 16.9610
119590 16.9138
119606 16.8846
119621 16.9227
119636 16.8264
119652 16.9138
119667 16.8455
119683 17.0001
119698 16.9037
119712 16.9138
119728 16.9138
119743 16.9329
119758 16.9810
119774 16.9810
119789 16.9719
119804 16.9227
119819 16.8948
119834 16.9138
119849 16.9037
119865 16.9239
119880 16.8846
119896 16.9037
119911 16.9239
119926 16.9530
119941 16.8466
119956 16.8657
119971 16.8948
119987 16.9428
120002 16.8555
120017 16.8948
120033 16.8075
120047 16.8846
120062 16.8264
120078 16.8757
120093 16.9239
120109 16.8657
120124 16.9428
120139 16.8948
120155 16.8948
120169 16.9048
120184 16.9620
120200 16.9339
120215 16.9239
120230 16.9719
120246 16.9530
120261 16.9719
120275 16.9719
120291 16.9048
120306 16.9530
120322 16.9138
120337 16.9048
120352 16.9631
120368 16.9048
120382 16.9239
120397 16.8757
120413 16.9530
120428 16.9048
120443 16.9530
120459 16.9048
120474 16.8757
120489 16.9138
120504 16.8757
120519 16.7692
120535 16.8846
120550 16.8757
120565 16.7973
120581 16.9248
120596 16.8757
120610 16.8846
120626 16.7883
120641 16.8757
120656 16.9239
120672 16.8466
120687 16.9339
120702 16.9138
120718 16.9048
120732 16.9048
120748 16.8366
120763 16.9239
120778 16.9138
120794 16.8757
120809 16.8857
120824 16.9631
120839 16.8275
120854 16.9048
120869 16.9239
120885 16.9339
120900 16.8666
120915 16.9530
120931 17.0113
120946 16.9428
120961 16.9239
120976 16.9239
120991 16.9339
121007 16.9428
121022 16.8948
121037 16.8948
121053 16.9239
121067 16.9719
121082 16.9339
121098 16.9048
121113 16.8175
121128 16.7692
121144 16.8275
121159 16.9428
121175 16.9428
121189 16.8757
121204 16.9428
121220 16.7792

-----------------------------------------------
Date: 03/01/2016 - 23:50:26
End log file
